<?xml version="1.0" encoding="UTF-8"?>
<!-- Generated by org.testng.reporters.JUnitXMLReporter -->
<testsuite hostname="360LP043" name="RallyTeamTest" tests="4" failures="0" timestamp="16 Aug 2016 05:12:42 GMT" time="288.909" errors="0">
  <testcase name="testRegistrationProcess" time="15.832" classname="com.rallyteam.Tests.RallyTeamTest"/>
  <testcase name="testCreateGroup" time="31.96" classname="com.rallyteam.Tests.RallyTeamTest"/>
  <testcase name="testCreateAProjectAndAddAnUserIntoProject" time="66.046" classname="com.rallyteam.Tests.RallyTeamTest"/>
  <testcase name="testPostingAMessageInTheDiscussionFeed" time="79.389" classname="com.rallyteam.Tests.RallyTeamTest"/>
</testsuite> <!-- RallyTeamTest -->
